{"/home/user/Área de Trabalho/driven/sing-me-a-song/back-end/src/app.ts": {"path":"/home/user/Área de Trabalho/driven/sing-me-a-song/back-end/src/app.ts","statementMap":{"0":{"start":{"line":1,"column":0},"end":{"line":1,"column":24}},"1":{"start":{"line":2,"column":0},"end":{"line":2,"column":30}},"2":{"start":{"line":3,"column":0},"end":{"line":3,"column":30}},"3":{"start":{"line":4,"column":0},"end":{"line":4,"column":78}},"4":{"start":{"line":5,"column":0},"end":{"line":5,"column":66}},"5":{"start":{"line":7,"column":12},"end":{"line":7,"column":21}},"6":{"start":{"line":8,"column":0},"end":{"line":8,"column":16}},"7":{"start":{"line":9,"column":0},"end":{"line":9,"column":24}},"8":{"start":{"line":11,"column":0},"end":{"line":11,"column":50}},"9":{"start":{"line":12,"column":0},"end":{"line":12,"column":32}},"10":{"start":{"line":14,"column":0},"end":{"line":14,"column":19}}},"fnMap":{},"branchMap":{},"s":{"0":1,"1":1,"2":1,"3":1,"4":1,"5":1,"6":1,"7":1,"8":1,"9":1,"10":1},"f":{},"b":{}}
,"/home/user/Área de Trabalho/driven/sing-me-a-song/back-end/src/database.ts": {"path":"/home/user/Área de Trabalho/driven/sing-me-a-song/back-end/src/database.ts","statementMap":{"0":{"start":{"line":1,"column":0},"end":{"line":1,"column":33}},"1":{"start":{"line":3,"column":25},"end":{"line":3,"column":28}},"2":{"start":{"line":4,"column":13},"end":{"line":4,"column":41}}},"fnMap":{},"branchMap":{},"s":{"0":2,"1":2,"2":2},"f":{},"b":{}}
,"/home/user/Área de Trabalho/driven/sing-me-a-song/back-end/src/controllers/recommendationController.ts": {"path":"/home/user/Área de Trabalho/driven/sing-me-a-song/back-end/src/controllers/recommendationController.ts","statementMap":{"0":{"start":{"line":2,"column":0},"end":{"line":2,"column":73}},"1":{"start":{"line":3,"column":0},"end":{"line":3,"column":75}},"2":{"start":{"line":4,"column":0},"end":{"line":4,"column":55}},"3":{"start":{"line":7,"column":21},"end":{"line":7,"column":60}},"4":{"start":{"line":8,"column":2},"end":{"line":10,"column":null}},"5":{"start":{"line":9,"column":4},"end":{"line":9,"column":29}},"6":{"start":{"line":12,"column":2},"end":{"line":12,"column":47}},"7":{"start":{"line":14,"column":2},"end":{"line":14,"column":22}},"8":{"start":{"line":18,"column":17},"end":{"line":18,"column":27}},"9":{"start":{"line":20,"column":2},"end":{"line":20,"column":42}},"10":{"start":{"line":22,"column":2},"end":{"line":22,"column":22}},"11":{"start":{"line":26,"column":17},"end":{"line":26,"column":27}},"12":{"start":{"line":28,"column":2},"end":{"line":28,"column":44}},"13":{"start":{"line":30,"column":2},"end":{"line":30,"column":22}},"14":{"start":{"line":34,"column":31},"end":{"line":34,"column":70}},"15":{"start":{"line":36,"column":2},"end":{"line":36,"column":33}},"16":{"start":{"line":40,"column":26},"end":{"line":40,"column":59}},"17":{"start":{"line":41,"column":2},"end":{"line":41,"column":28}},"18":{"start":{"line":45,"column":21},"end":{"line":45,"column":31}},"19":{"start":{"line":47,"column":26},"end":{"line":47,"column":69}},"20":{"start":{"line":48,"column":2},"end":{"line":48,"column":28}},"21":{"start":{"line":52,"column":17},"end":{"line":52,"column":27}},"22":{"start":{"line":54,"column":25},"end":{"line":54,"column":65}},"23":{"start":{"line":55,"column":2},"end":{"line":55,"column":27}},"24":{"start":{"line":58,"column":13},"end":{"line":66,"column":2}}},"fnMap":{"0":{"name":"insert","decl":{"start":{"line":6,"column":15},"end":{"line":6,"column":21}},"loc":{"start":{"line":6,"column":49},"end":{"line":15,"column":null}}},"1":{"name":"upvote","decl":{"start":{"line":17,"column":15},"end":{"line":17,"column":21}},"loc":{"start":{"line":17,"column":49},"end":{"line":23,"column":null}}},"2":{"name":"downvote","decl":{"start":{"line":25,"column":15},"end":{"line":25,"column":23}},"loc":{"start":{"line":25,"column":51},"end":{"line":31,"column":null}}},"3":{"name":"random","decl":{"start":{"line":33,"column":15},"end":{"line":33,"column":21}},"loc":{"start":{"line":33,"column":49},"end":{"line":37,"column":null}}},"4":{"name":"get","decl":{"start":{"line":39,"column":15},"end":{"line":39,"column":18}},"loc":{"start":{"line":39,"column":46},"end":{"line":42,"column":null}}},"5":{"name":"getTop","decl":{"start":{"line":44,"column":15},"end":{"line":44,"column":21}},"loc":{"start":{"line":44,"column":49},"end":{"line":49,"column":null}}},"6":{"name":"getById","decl":{"start":{"line":51,"column":15},"end":{"line":51,"column":22}},"loc":{"start":{"line":51,"column":50},"end":{"line":56,"column":null}}}},"branchMap":{"0":{"loc":{"start":{"line":8,"column":2},"end":{"line":10,"column":null}},"type":"if","locations":[{"start":{"line":8,"column":2},"end":{"line":10,"column":null}}]}},"s":{"0":1,"1":1,"2":1,"3":25,"4":25,"5":0,"6":25,"7":6,"8":2,"9":2,"10":1,"11":2,"12":2,"13":1,"14":2,"15":1,"16":1,"17":1,"18":1,"19":1,"20":1,"21":2,"22":2,"23":1,"24":1},"f":{"0":25,"1":2,"2":2,"3":2,"4":1,"5":1,"6":2},"b":{"0":[0]}}
,"/home/user/Área de Trabalho/driven/sing-me-a-song/back-end/src/middlewares/errorHandlerMiddleware.ts": {"path":"/home/user/Área de Trabalho/driven/sing-me-a-song/back-end/src/middlewares/errorHandlerMiddleware.ts","statementMap":{"0":{"start":{"line":2,"column":0},"end":{"line":2,"column":null}},"1":{"start":{"line":14,"column":2},"end":{"line":14,"column":19}},"2":{"start":{"line":16,"column":2},"end":{"line":18,"column":null}},"3":{"start":{"line":17,"column":4},"end":{"line":17,"column":73}},"4":{"start":{"line":20,"column":2},"end":{"line":20,"column":29}},"5":{"start":{"line":8,"column":0},"end":{"line":8,"column":16}}},"fnMap":{"0":{"name":"errorHandlerMiddleware","decl":{"start":{"line":8,"column":16},"end":{"line":8,"column":38}},"loc":{"start":{"line":12,"column":20},"end":{"line":21,"column":1}}}},"branchMap":{"0":{"loc":{"start":{"line":16,"column":2},"end":{"line":18,"column":null}},"type":"if","locations":[{"start":{"line":16,"column":2},"end":{"line":18,"column":null}}]}},"s":{"0":1,"1":23,"2":23,"3":23,"4":0,"5":1},"f":{"0":23},"b":{"0":[23]}}
,"/home/user/Área de Trabalho/driven/sing-me-a-song/back-end/src/routers/recommendationRouter.ts": {"path":"/home/user/Área de Trabalho/driven/sing-me-a-song/back-end/src/routers/recommendationRouter.ts","statementMap":{"0":{"start":{"line":1,"column":0},"end":{"line":1,"column":33}},"1":{"start":{"line":2,"column":0},"end":{"line":2,"column":83}},"2":{"start":{"line":4,"column":29},"end":{"line":4,"column":37}},"3":{"start":{"line":6,"column":0},"end":{"line":6,"column":64}},"4":{"start":{"line":7,"column":0},"end":{"line":7,"column":60}},"5":{"start":{"line":8,"column":0},"end":{"line":8,"column":69}},"6":{"start":{"line":9,"column":0},"end":{"line":9,"column":74}},"7":{"start":{"line":10,"column":0},"end":{"line":10,"column":67}},"8":{"start":{"line":11,"column":0},"end":{"line":11,"column":74}},"9":{"start":{"line":12,"column":0},"end":{"line":12,"column":78}},"10":{"start":{"line":14,"column":0},"end":{"line":14,"column":36}}},"fnMap":{},"branchMap":{},"s":{"0":1,"1":1,"2":1,"3":1,"4":1,"5":1,"6":1,"7":1,"8":1,"9":1,"10":1},"f":{},"b":{}}
,"/home/user/Área de Trabalho/driven/sing-me-a-song/back-end/src/schemas/recommendationsSchemas.ts": {"path":"/home/user/Área de Trabalho/driven/sing-me-a-song/back-end/src/schemas/recommendationsSchemas.ts","statementMap":{"0":{"start":{"line":1,"column":0},"end":{"line":1,"column":22}},"1":{"start":{"line":4,"column":25},"end":{"line":4,"column":78}},"2":{"start":{"line":6,"column":13},"end":{"line":9,"column":3}}},"fnMap":{},"branchMap":{},"s":{"0":1,"1":1,"2":1},"f":{},"b":{}}
,"/home/user/Área de Trabalho/driven/sing-me-a-song/back-end/src/services/recommendationsService.ts": {"path":"/home/user/Área de Trabalho/driven/sing-me-a-song/back-end/src/services/recommendationsService.ts","statementMap":{"0":{"start":{"line":2,"column":0},"end":{"line":2,"column":84}},"1":{"start":{"line":3,"column":0},"end":{"line":3,"column":67}},"2":{"start":{"line":8,"column":33},"end":{"line":9,"column":null}},"3":{"start":{"line":11,"column":2},"end":{"line":12,"column":64}},"4":{"start":{"line":12,"column":4},"end":{"line":12,"column":64}},"5":{"start":{"line":14,"column":2},"end":{"line":14,"column":66}},"6":{"start":{"line":18,"column":2},"end":{"line":18,"column":26}},"7":{"start":{"line":20,"column":2},"end":{"line":20,"column":62}},"8":{"start":{"line":24,"column":2},"end":{"line":24,"column":26}},"9":{"start":{"line":26,"column":32},"end":{"line":28,"column":null}},"10":{"start":{"line":31,"column":2},"end":{"line":33,"column":null}},"11":{"start":{"line":32,"column":4},"end":{"line":32,"column":46}},"12":{"start":{"line":37,"column":25},"end":{"line":37,"column":64}},"13":{"start":{"line":38,"column":2},"end":{"line":38,"column":45}},"14":{"start":{"line":38,"column":23},"end":{"line":38,"column":45}},"15":{"start":{"line":40,"column":2},"end":{"line":40,"column":24}},"16":{"start":{"line":44,"column":2},"end":{"line":44,"column":44}},"17":{"start":{"line":48,"column":2},"end":{"line":48,"column":59}},"18":{"start":{"line":52,"column":17},"end":{"line":52,"column":30}},"19":{"start":{"line":53,"column":22},"end":{"line":53,"column":44}},"20":{"start":{"line":55,"column":26},"end":{"line":55,"column":55}},"21":{"start":{"line":56,"column":2},"end":{"line":58,"column":null}},"22":{"start":{"line":57,"column":4},"end":{"line":57,"column":26}},"23":{"start":{"line":60,"column":22},"end":{"line":60,"column":72}},"24":{"start":{"line":61,"column":2},"end":{"line":61,"column":38}},"25":{"start":{"line":65,"column":26},"end":{"line":68,"column":4}},"26":{"start":{"line":70,"column":2},"end":{"line":72,"column":null}},"27":{"start":{"line":71,"column":4},"end":{"line":71,"column":27}},"28":{"start":{"line":74,"column":2},"end":{"line":74,"column":44}},"29":{"start":{"line":78,"column":2},"end":{"line":80,"column":null}},"30":{"start":{"line":79,"column":4},"end":{"line":79,"column":16}},"31":{"start":{"line":82,"column":2},"end":{"line":82,"column":15}},"32":{"start":{"line":85,"column":13},"end":{"line":93,"column":2}}},"fnMap":{"0":{"name":"insert","decl":{"start":{"line":7,"column":15},"end":{"line":7,"column":21}},"loc":{"start":{"line":7,"column":72},"end":{"line":15,"column":null}}},"1":{"name":"upvote","decl":{"start":{"line":17,"column":15},"end":{"line":17,"column":21}},"loc":{"start":{"line":17,"column":32},"end":{"line":21,"column":null}}},"2":{"name":"downvote","decl":{"start":{"line":23,"column":15},"end":{"line":23,"column":23}},"loc":{"start":{"line":23,"column":34},"end":{"line":34,"column":null}}},"3":{"name":"getByIdOrFail","decl":{"start":{"line":36,"column":15},"end":{"line":36,"column":28}},"loc":{"start":{"line":36,"column":39},"end":{"line":41,"column":null}}},"4":{"name":"get","decl":{"start":{"line":43,"column":15},"end":{"line":43,"column":18}},"loc":{"start":{"line":43,"column":18},"end":{"line":45,"column":null}}},"5":{"name":"getTop","decl":{"start":{"line":47,"column":15},"end":{"line":47,"column":21}},"loc":{"start":{"line":47,"column":36},"end":{"line":49,"column":null}}},"6":{"name":"getRandom","decl":{"start":{"line":51,"column":15},"end":{"line":51,"column":24}},"loc":{"start":{"line":51,"column":24},"end":{"line":62,"column":null}}},"7":{"name":"getByScore","decl":{"start":{"line":64,"column":15},"end":{"line":64,"column":25}},"loc":{"start":{"line":64,"column":51},"end":{"line":75,"column":null}}},"8":{"name":"getScoreFilter","decl":{"start":{"line":77,"column":9},"end":{"line":77,"column":23}},"loc":{"start":{"line":77,"column":38},"end":{"line":83,"column":1}}}},"branchMap":{"0":{"loc":{"start":{"line":11,"column":2},"end":{"line":12,"column":64}},"type":"if","locations":[{"start":{"line":11,"column":2},"end":{"line":12,"column":64}}]},"1":{"loc":{"start":{"line":31,"column":2},"end":{"line":33,"column":null}},"type":"if","locations":[{"start":{"line":31,"column":2},"end":{"line":33,"column":null}}]},"2":{"loc":{"start":{"line":38,"column":2},"end":{"line":38,"column":45}},"type":"if","locations":[{"start":{"line":38,"column":2},"end":{"line":38,"column":45}}]},"3":{"loc":{"start":{"line":56,"column":2},"end":{"line":58,"column":null}},"type":"if","locations":[{"start":{"line":56,"column":2},"end":{"line":58,"column":null}}]},"4":{"loc":{"start":{"line":70,"column":2},"end":{"line":72,"column":null}},"type":"if","locations":[{"start":{"line":70,"column":2},"end":{"line":72,"column":null}}]},"5":{"loc":{"start":{"line":78,"column":2},"end":{"line":80,"column":null}},"type":"if","locations":[{"start":{"line":78,"column":2},"end":{"line":80,"column":null}}]}},"s":{"0":2,"1":2,"2":31,"3":31,"4":20,"5":11,"6":5,"7":2,"8":3,"9":2,"10":2,"11":0,"12":12,"13":12,"14":6,"15":6,"16":3,"17":3,"18":6,"19":6,"20":6,"21":5,"22":2,"23":3,"24":3,"25":6,"26":6,"27":1,"28":5,"29":6,"30":4,"31":2,"32":2},"f":{"0":31,"1":5,"2":3,"3":12,"4":3,"5":3,"6":6,"7":6,"8":6},"b":{"0":[20],"1":[0],"2":[6],"3":[2],"4":[1],"5":[4]}}
,"/home/user/Área de Trabalho/driven/sing-me-a-song/back-end/tests/integration/recomendations.ts": {"path":"/home/user/Área de Trabalho/driven/sing-me-a-song/back-end/tests/integration/recomendations.ts","statementMap":{"0":{"start":{"line":1,"column":0},"end":{"line":1,"column":34}},"1":{"start":{"line":2,"column":0},"end":{"line":2,"column":32}},"2":{"start":{"line":3,"column":0},"end":{"line":3,"column":44}},"3":{"start":{"line":4,"column":0},"end":{"line":4,"column":91}},"4":{"start":{"line":5,"column":0},"end":{"line":5,"column":82}},"5":{"start":{"line":6,"column":0},"end":{"line":6,"column":51}},"6":{"start":{"line":7,"column":0},"end":{"line":7,"column":75}},"7":{"start":{"line":10,"column":17},"end":{"line":10,"column":31}},"8":{"start":{"line":12,"column":2},"end":{"line":65,"column":5}},"9":{"start":{"line":13,"column":4},"end":{"line":22,"column":7}},"10":{"start":{"line":13,"column":52},"end":{"line":22,"column":6}},"11":{"start":{"line":14,"column":29},"end":{"line":14,"column":52}},"12":{"start":{"line":16,"column":21},"end":{"line":16,"column":79}},"13":{"start":{"line":17,"column":36},"end":{"line":19,"column":8}},"14":{"start":{"line":20,"column":6},"end":{"line":20,"column":38}},"15":{"start":{"line":21,"column":6},"end":{"line":21,"column":51}},"16":{"start":{"line":23,"column":4},"end":{"line":30,"column":7}},"17":{"start":{"line":23,"column":78},"end":{"line":30,"column":6}},"18":{"start":{"line":24,"column":29},"end":{"line":24,"column":52}},"19":{"start":{"line":26,"column":6},"end":{"line":26,"column":65}},"20":{"start":{"line":27,"column":21},"end":{"line":27,"column":79}},"21":{"start":{"line":29,"column":6},"end":{"line":29,"column":38}},"22":{"start":{"line":31,"column":4},"end":{"line":41,"column":7}},"23":{"start":{"line":31,"column":43},"end":{"line":41,"column":6}},"24":{"start":{"line":32,"column":29},"end":{"line":32,"column":52}},"25":{"start":{"line":34,"column":6},"end":{"line":34,"column":65}},"26":{"start":{"line":35,"column":21},"end":{"line":36,"column":null}},"27":{"start":{"line":39,"column":21},"end":{"line":39,"column":71}},"28":{"start":{"line":40,"column":6},"end":{"line":40,"column":38}},"29":{"start":{"line":42,"column":4},"end":{"line":46,"column":7}},"30":{"start":{"line":42,"column":72},"end":{"line":46,"column":6}},"31":{"start":{"line":43,"column":17},"end":{"line":43,"column":29}},"32":{"start":{"line":44,"column":21},"end":{"line":44,"column":71}},"33":{"start":{"line":45,"column":6},"end":{"line":45,"column":38}},"34":{"start":{"line":47,"column":4},"end":{"line":58,"column":7}},"35":{"start":{"line":47,"column":44},"end":{"line":58,"column":6}},"36":{"start":{"line":48,"column":29},"end":{"line":48,"column":52}},"37":{"start":{"line":50,"column":6},"end":{"line":50,"column":65}},"38":{"start":{"line":52,"column":21},"end":{"line":53,"column":null}},"39":{"start":{"line":56,"column":21},"end":{"line":56,"column":73}},"40":{"start":{"line":57,"column":6},"end":{"line":57,"column":38}},"41":{"start":{"line":59,"column":4},"end":{"line":64,"column":7}},"42":{"start":{"line":59,"column":73},"end":{"line":64,"column":6}},"43":{"start":{"line":60,"column":17},"end":{"line":60,"column":29}},"44":{"start":{"line":62,"column":21},"end":{"line":62,"column":73}},"45":{"start":{"line":63,"column":6},"end":{"line":63,"column":38}},"46":{"start":{"line":67,"column":2},"end":{"line":131,"column":5}},"47":{"start":{"line":68,"column":4},"end":{"line":73,"column":7}},"48":{"start":{"line":68,"column":52},"end":{"line":73,"column":6}},"49":{"start":{"line":69,"column":21},"end":{"line":69,"column":57}},"50":{"start":{"line":70,"column":26},"end":{"line":70,"column":66}},"51":{"start":{"line":71,"column":6},"end":{"line":71,"column":38}},"52":{"start":{"line":72,"column":6},"end":{"line":72,"column":47}},"53":{"start":{"line":74,"column":4},"end":{"line":89,"column":7}},"54":{"start":{"line":74,"column":61},"end":{"line":89,"column":6}},"55":{"start":{"line":75,"column":29},"end":{"line":75,"column":52}},"56":{"start":{"line":76,"column":6},"end":{"line":78,"column":null}},"57":{"start":{"line":76,"column":19},"end":{"line":76,"column":20}},"58":{"start":{"line":77,"column":8},"end":{"line":77,"column":67}},"59":{"start":{"line":80,"column":29},"end":{"line":81,"column":null}},"60":{"start":{"line":83,"column":21},"end":{"line":83,"column":78}},"61":{"start":{"line":85,"column":6},"end":{"line":85,"column":50}},"62":{"start":{"line":86,"column":6},"end":{"line":86,"column":41}},"63":{"start":{"line":87,"column":6},"end":{"line":87,"column":49}},"64":{"start":{"line":88,"column":6},"end":{"line":88,"column":38}},"65":{"start":{"line":90,"column":4},"end":{"line":95,"column":7}},"66":{"start":{"line":90,"column":88},"end":{"line":95,"column":6}},"67":{"start":{"line":91,"column":17},"end":{"line":91,"column":29}},"68":{"start":{"line":93,"column":21},"end":{"line":93,"column":63}},"69":{"start":{"line":94,"column":6},"end":{"line":94,"column":38}},"70":{"start":{"line":96,"column":4},"end":{"line":108,"column":7}},"71":{"start":{"line":96,"column":58},"end":{"line":108,"column":6}},"72":{"start":{"line":97,"column":29},"end":{"line":97,"column":52}},"73":{"start":{"line":98,"column":6},"end":{"line":100,"column":null}},"74":{"start":{"line":98,"column":19},"end":{"line":98,"column":20}},"75":{"start":{"line":99,"column":8},"end":{"line":99,"column":67}},"76":{"start":{"line":101,"column":21},"end":{"line":101,"column":64}},"77":{"start":{"line":102,"column":29},"end":{"line":102,"column":68}},"78":{"start":{"line":104,"column":6},"end":{"line":104,"column":50}},"79":{"start":{"line":105,"column":6},"end":{"line":105,"column":41}},"80":{"start":{"line":106,"column":6},"end":{"line":106,"column":49}},"81":{"start":{"line":107,"column":6},"end":{"line":107,"column":38}},"82":{"start":{"line":109,"column":4},"end":{"line":119,"column":7}},"83":{"start":{"line":109,"column":88},"end":{"line":119,"column":6}},"84":{"start":{"line":110,"column":21},"end":{"line":110,"column":64}},"85":{"start":{"line":112,"column":29},"end":{"line":112,"column":62}},"86":{"start":{"line":114,"column":6},"end":{"line":117,"column":9}},"87":{"start":{"line":118,"column":6},"end":{"line":118,"column":38}},"88":{"start":{"line":120,"column":4},"end":{"line":130,"column":7}},"89":{"start":{"line":120,"column":57},"end":{"line":130,"column":6}},"90":{"start":{"line":121,"column":21},"end":{"line":121,"column":33}},"91":{"start":{"line":122,"column":21},"end":{"line":122,"column":71}},"92":{"start":{"line":123,"column":29},"end":{"line":124,"column":null}},"93":{"start":{"line":127,"column":6},"end":{"line":127,"column":38}},"94":{"start":{"line":128,"column":6},"end":{"line":128,"column":41}},"95":{"start":{"line":129,"column":6},"end":{"line":129,"column":50}},"96":{"start":{"line":9,"column":0},"end":{"line":9,"column":22}}},"fnMap":{"0":{"name":"recommendationTest","decl":{"start":{"line":9,"column":22},"end":{"line":9,"column":40}},"loc":{"start":{"line":9,"column":40},"end":{"line":132,"column":null}}},"1":{"name":"(anonymous_10)","decl":{"start":{"line":12,"column":44},"end":{"line":12,"column":47}},"loc":{"start":{"line":12,"column":49},"end":{"line":65,"column":3}}},"2":{"name":"(anonymous_11)","decl":{"start":{"line":13,"column":41},"end":{"line":13,"column":50}},"loc":{"start":{"line":13,"column":52},"end":{"line":22,"column":6}}},"3":{"name":"(anonymous_12)","decl":{"start":{"line":13,"column":52},"end":{"line":13,"column":null}},"loc":{"start":{"line":13,"column":52},"end":{"line":22,"column":5}}},"4":{"name":"(anonymous_13)","decl":{"start":{"line":23,"column":67},"end":{"line":23,"column":76}},"loc":{"start":{"line":23,"column":78},"end":{"line":30,"column":6}}},"5":{"name":"(anonymous_14)","decl":{"start":{"line":23,"column":78},"end":{"line":23,"column":null}},"loc":{"start":{"line":23,"column":78},"end":{"line":30,"column":5}}},"6":{"name":"(anonymous_15)","decl":{"start":{"line":31,"column":32},"end":{"line":31,"column":41}},"loc":{"start":{"line":31,"column":43},"end":{"line":41,"column":6}}},"7":{"name":"(anonymous_16)","decl":{"start":{"line":31,"column":43},"end":{"line":31,"column":null}},"loc":{"start":{"line":31,"column":43},"end":{"line":41,"column":5}}},"8":{"name":"(anonymous_17)","decl":{"start":{"line":42,"column":61},"end":{"line":42,"column":70}},"loc":{"start":{"line":42,"column":72},"end":{"line":46,"column":6}}},"9":{"name":"(anonymous_18)","decl":{"start":{"line":42,"column":72},"end":{"line":42,"column":null}},"loc":{"start":{"line":42,"column":72},"end":{"line":46,"column":5}}},"10":{"name":"(anonymous_19)","decl":{"start":{"line":47,"column":33},"end":{"line":47,"column":42}},"loc":{"start":{"line":47,"column":44},"end":{"line":58,"column":6}}},"11":{"name":"(anonymous_20)","decl":{"start":{"line":47,"column":44},"end":{"line":47,"column":null}},"loc":{"start":{"line":47,"column":44},"end":{"line":58,"column":5}}},"12":{"name":"(anonymous_21)","decl":{"start":{"line":59,"column":62},"end":{"line":59,"column":71}},"loc":{"start":{"line":59,"column":73},"end":{"line":64,"column":6}}},"13":{"name":"(anonymous_22)","decl":{"start":{"line":59,"column":73},"end":{"line":59,"column":null}},"loc":{"start":{"line":59,"column":73},"end":{"line":64,"column":5}}},"14":{"name":"(anonymous_23)","decl":{"start":{"line":67,"column":43},"end":{"line":67,"column":46}},"loc":{"start":{"line":67,"column":48},"end":{"line":131,"column":3}}},"15":{"name":"(anonymous_24)","decl":{"start":{"line":68,"column":41},"end":{"line":68,"column":50}},"loc":{"start":{"line":68,"column":52},"end":{"line":73,"column":6}}},"16":{"name":"(anonymous_25)","decl":{"start":{"line":68,"column":52},"end":{"line":68,"column":null}},"loc":{"start":{"line":68,"column":52},"end":{"line":73,"column":5}}},"17":{"name":"(anonymous_26)","decl":{"start":{"line":74,"column":50},"end":{"line":74,"column":59}},"loc":{"start":{"line":74,"column":61},"end":{"line":89,"column":6}}},"18":{"name":"(anonymous_27)","decl":{"start":{"line":74,"column":61},"end":{"line":74,"column":null}},"loc":{"start":{"line":74,"column":61},"end":{"line":89,"column":5}}},"19":{"name":"(anonymous_28)","decl":{"start":{"line":90,"column":77},"end":{"line":90,"column":86}},"loc":{"start":{"line":90,"column":88},"end":{"line":95,"column":6}}},"20":{"name":"(anonymous_29)","decl":{"start":{"line":90,"column":88},"end":{"line":90,"column":null}},"loc":{"start":{"line":90,"column":88},"end":{"line":95,"column":5}}},"21":{"name":"(anonymous_30)","decl":{"start":{"line":96,"column":47},"end":{"line":96,"column":56}},"loc":{"start":{"line":96,"column":58},"end":{"line":108,"column":6}}},"22":{"name":"(anonymous_31)","decl":{"start":{"line":96,"column":58},"end":{"line":96,"column":null}},"loc":{"start":{"line":96,"column":58},"end":{"line":108,"column":5}}},"23":{"name":"(anonymous_32)","decl":{"start":{"line":109,"column":77},"end":{"line":109,"column":86}},"loc":{"start":{"line":109,"column":88},"end":{"line":119,"column":6}}},"24":{"name":"(anonymous_33)","decl":{"start":{"line":109,"column":88},"end":{"line":109,"column":null}},"loc":{"start":{"line":109,"column":88},"end":{"line":119,"column":5}}},"25":{"name":"(anonymous_34)","decl":{"start":{"line":120,"column":46},"end":{"line":120,"column":55}},"loc":{"start":{"line":120,"column":57},"end":{"line":130,"column":6}}},"26":{"name":"(anonymous_35)","decl":{"start":{"line":120,"column":57},"end":{"line":120,"column":null}},"loc":{"start":{"line":120,"column":57},"end":{"line":130,"column":5}}}},"branchMap":{},"s":{"0":1,"1":1,"2":1,"3":1,"4":1,"5":1,"6":1,"7":1,"8":1,"9":1,"10":1,"11":1,"12":1,"13":1,"14":1,"15":1,"16":1,"17":1,"18":1,"19":1,"20":1,"21":1,"22":1,"23":1,"24":1,"25":1,"26":1,"27":1,"28":1,"29":1,"30":1,"31":1,"32":1,"33":1,"34":1,"35":1,"36":1,"37":1,"38":1,"39":1,"40":1,"41":1,"42":1,"43":1,"44":1,"45":1,"46":1,"47":1,"48":1,"49":1,"50":1,"51":1,"52":1,"53":1,"54":1,"55":1,"56":1,"57":1,"58":10,"59":1,"60":1,"61":1,"62":1,"63":1,"64":1,"65":1,"66":1,"67":1,"68":1,"69":1,"70":1,"71":1,"72":1,"73":1,"74":1,"75":10,"76":1,"77":1,"78":1,"79":1,"80":1,"81":1,"82":1,"83":1,"84":1,"85":1,"86":1,"87":1,"88":1,"89":1,"90":1,"91":1,"92":1,"93":1,"94":1,"95":1,"96":1},"f":{"0":1,"1":1,"2":1,"3":1,"4":1,"5":1,"6":1,"7":1,"8":1,"9":1,"10":1,"11":1,"12":1,"13":1,"14":1,"15":1,"16":1,"17":1,"18":1,"19":1,"20":1,"21":1,"22":1,"23":1,"24":1,"25":1,"26":1},"b":{}}
}
