{"/home/user/Área de Trabalho/driven/sing-me-a-song/back-end/src/app.ts": {"path":"/home/user/Área de Trabalho/driven/sing-me-a-song/back-end/src/app.ts","statementMap":{"0":{"start":{"line":1,"column":0},"end":{"line":1,"column":24}},"1":{"start":{"line":2,"column":0},"end":{"line":2,"column":30}},"2":{"start":{"line":3,"column":0},"end":{"line":3,"column":30}},"3":{"start":{"line":4,"column":0},"end":{"line":4,"column":78}},"4":{"start":{"line":5,"column":0},"end":{"line":5,"column":66}},"5":{"start":{"line":7,"column":12},"end":{"line":7,"column":21}},"6":{"start":{"line":8,"column":0},"end":{"line":8,"column":16}},"7":{"start":{"line":9,"column":0},"end":{"line":9,"column":24}},"8":{"start":{"line":11,"column":0},"end":{"line":11,"column":50}},"9":{"start":{"line":12,"column":0},"end":{"line":12,"column":32}},"10":{"start":{"line":14,"column":0},"end":{"line":14,"column":19}}},"fnMap":{},"branchMap":{},"s":{"0":1,"1":1,"2":1,"3":1,"4":1,"5":1,"6":1,"7":1,"8":1,"9":1,"10":1},"f":{},"b":{}}
,"/home/user/Área de Trabalho/driven/sing-me-a-song/back-end/src/database.ts": {"path":"/home/user/Área de Trabalho/driven/sing-me-a-song/back-end/src/database.ts","statementMap":{"0":{"start":{"line":1,"column":0},"end":{"line":1,"column":33}},"1":{"start":{"line":3,"column":25},"end":{"line":3,"column":28}},"2":{"start":{"line":4,"column":13},"end":{"line":4,"column":41}}},"fnMap":{},"branchMap":{},"s":{"0":2,"1":2,"2":2},"f":{},"b":{}}
,"/home/user/Área de Trabalho/driven/sing-me-a-song/back-end/src/controllers/recommendationController.ts": {"path":"/home/user/Área de Trabalho/driven/sing-me-a-song/back-end/src/controllers/recommendationController.ts","statementMap":{"0":{"start":{"line":2,"column":0},"end":{"line":2,"column":73}},"1":{"start":{"line":3,"column":0},"end":{"line":3,"column":75}},"2":{"start":{"line":4,"column":0},"end":{"line":4,"column":55}},"3":{"start":{"line":7,"column":21},"end":{"line":7,"column":60}},"4":{"start":{"line":8,"column":2},"end":{"line":10,"column":null}},"5":{"start":{"line":9,"column":4},"end":{"line":9,"column":29}},"6":{"start":{"line":12,"column":2},"end":{"line":12,"column":47}},"7":{"start":{"line":14,"column":2},"end":{"line":14,"column":22}},"8":{"start":{"line":18,"column":17},"end":{"line":18,"column":27}},"9":{"start":{"line":20,"column":2},"end":{"line":20,"column":42}},"10":{"start":{"line":22,"column":2},"end":{"line":22,"column":22}},"11":{"start":{"line":26,"column":17},"end":{"line":26,"column":27}},"12":{"start":{"line":28,"column":2},"end":{"line":28,"column":44}},"13":{"start":{"line":30,"column":2},"end":{"line":30,"column":22}},"14":{"start":{"line":34,"column":31},"end":{"line":34,"column":70}},"15":{"start":{"line":36,"column":2},"end":{"line":36,"column":33}},"16":{"start":{"line":40,"column":26},"end":{"line":40,"column":59}},"17":{"start":{"line":41,"column":2},"end":{"line":41,"column":28}},"18":{"start":{"line":45,"column":21},"end":{"line":45,"column":31}},"19":{"start":{"line":47,"column":26},"end":{"line":47,"column":69}},"20":{"start":{"line":48,"column":2},"end":{"line":48,"column":28}},"21":{"start":{"line":52,"column":17},"end":{"line":52,"column":27}},"22":{"start":{"line":54,"column":25},"end":{"line":54,"column":65}},"23":{"start":{"line":55,"column":2},"end":{"line":55,"column":27}},"24":{"start":{"line":58,"column":13},"end":{"line":66,"column":2}}},"fnMap":{"0":{"name":"insert","decl":{"start":{"line":6,"column":15},"end":{"line":6,"column":21}},"loc":{"start":{"line":6,"column":49},"end":{"line":15,"column":null}}},"1":{"name":"upvote","decl":{"start":{"line":17,"column":15},"end":{"line":17,"column":21}},"loc":{"start":{"line":17,"column":49},"end":{"line":23,"column":null}}},"2":{"name":"downvote","decl":{"start":{"line":25,"column":15},"end":{"line":25,"column":23}},"loc":{"start":{"line":25,"column":51},"end":{"line":31,"column":null}}},"3":{"name":"random","decl":{"start":{"line":33,"column":15},"end":{"line":33,"column":21}},"loc":{"start":{"line":33,"column":49},"end":{"line":37,"column":null}}},"4":{"name":"get","decl":{"start":{"line":39,"column":15},"end":{"line":39,"column":18}},"loc":{"start":{"line":39,"column":46},"end":{"line":42,"column":null}}},"5":{"name":"getTop","decl":{"start":{"line":44,"column":15},"end":{"line":44,"column":21}},"loc":{"start":{"line":44,"column":49},"end":{"line":49,"column":null}}},"6":{"name":"getById","decl":{"start":{"line":51,"column":15},"end":{"line":51,"column":22}},"loc":{"start":{"line":51,"column":50},"end":{"line":56,"column":null}}}},"branchMap":{"0":{"loc":{"start":{"line":8,"column":2},"end":{"line":10,"column":null}},"type":"if","locations":[{"start":{"line":8,"column":2},"end":{"line":10,"column":null}}]}},"s":{"0":1,"1":1,"2":1,"3":5,"4":5,"5":0,"6":5,"7":4,"8":2,"9":2,"10":1,"11":2,"12":2,"13":1,"14":0,"15":0,"16":0,"17":0,"18":0,"19":0,"20":0,"21":0,"22":0,"23":0,"24":1},"f":{"0":5,"1":2,"2":2,"3":0,"4":0,"5":0,"6":0},"b":{"0":[0]}}
,"/home/user/Área de Trabalho/driven/sing-me-a-song/back-end/src/middlewares/errorHandlerMiddleware.ts": {"path":"/home/user/Área de Trabalho/driven/sing-me-a-song/back-end/src/middlewares/errorHandlerMiddleware.ts","statementMap":{"0":{"start":{"line":2,"column":0},"end":{"line":2,"column":null}},"1":{"start":{"line":14,"column":2},"end":{"line":14,"column":19}},"2":{"start":{"line":16,"column":2},"end":{"line":18,"column":null}},"3":{"start":{"line":17,"column":4},"end":{"line":17,"column":73}},"4":{"start":{"line":20,"column":2},"end":{"line":20,"column":29}},"5":{"start":{"line":8,"column":0},"end":{"line":8,"column":16}}},"fnMap":{"0":{"name":"errorHandlerMiddleware","decl":{"start":{"line":8,"column":16},"end":{"line":8,"column":38}},"loc":{"start":{"line":12,"column":20},"end":{"line":21,"column":1}}}},"branchMap":{"0":{"loc":{"start":{"line":16,"column":2},"end":{"line":18,"column":null}},"type":"if","locations":[{"start":{"line":16,"column":2},"end":{"line":18,"column":null}}]}},"s":{"0":1,"1":3,"2":3,"3":3,"4":0,"5":1},"f":{"0":3},"b":{"0":[3]}}
,"/home/user/Área de Trabalho/driven/sing-me-a-song/back-end/src/routers/recommendationRouter.ts": {"path":"/home/user/Área de Trabalho/driven/sing-me-a-song/back-end/src/routers/recommendationRouter.ts","statementMap":{"0":{"start":{"line":1,"column":0},"end":{"line":1,"column":33}},"1":{"start":{"line":2,"column":0},"end":{"line":2,"column":83}},"2":{"start":{"line":4,"column":29},"end":{"line":4,"column":37}},"3":{"start":{"line":6,"column":0},"end":{"line":6,"column":64}},"4":{"start":{"line":7,"column":0},"end":{"line":7,"column":60}},"5":{"start":{"line":8,"column":0},"end":{"line":8,"column":69}},"6":{"start":{"line":9,"column":0},"end":{"line":9,"column":74}},"7":{"start":{"line":10,"column":0},"end":{"line":10,"column":67}},"8":{"start":{"line":11,"column":0},"end":{"line":11,"column":74}},"9":{"start":{"line":12,"column":0},"end":{"line":12,"column":78}},"10":{"start":{"line":14,"column":0},"end":{"line":14,"column":36}}},"fnMap":{},"branchMap":{},"s":{"0":1,"1":1,"2":1,"3":1,"4":1,"5":1,"6":1,"7":1,"8":1,"9":1,"10":1},"f":{},"b":{}}
,"/home/user/Área de Trabalho/driven/sing-me-a-song/back-end/src/schemas/recommendationsSchemas.ts": {"path":"/home/user/Área de Trabalho/driven/sing-me-a-song/back-end/src/schemas/recommendationsSchemas.ts","statementMap":{"0":{"start":{"line":1,"column":0},"end":{"line":1,"column":22}},"1":{"start":{"line":4,"column":25},"end":{"line":4,"column":78}},"2":{"start":{"line":6,"column":13},"end":{"line":9,"column":3}}},"fnMap":{},"branchMap":{},"s":{"0":1,"1":1,"2":1},"f":{},"b":{}}
,"/home/user/Área de Trabalho/driven/sing-me-a-song/back-end/src/services/recommendationsService.ts": {"path":"/home/user/Área de Trabalho/driven/sing-me-a-song/back-end/src/services/recommendationsService.ts","statementMap":{"0":{"start":{"line":2,"column":0},"end":{"line":2,"column":84}},"1":{"start":{"line":3,"column":0},"end":{"line":3,"column":67}},"2":{"start":{"line":8,"column":33},"end":{"line":9,"column":null}},"3":{"start":{"line":11,"column":2},"end":{"line":12,"column":64}},"4":{"start":{"line":12,"column":4},"end":{"line":12,"column":64}},"5":{"start":{"line":14,"column":2},"end":{"line":14,"column":66}},"6":{"start":{"line":18,"column":2},"end":{"line":18,"column":26}},"7":{"start":{"line":20,"column":2},"end":{"line":20,"column":62}},"8":{"start":{"line":24,"column":2},"end":{"line":24,"column":26}},"9":{"start":{"line":26,"column":32},"end":{"line":28,"column":null}},"10":{"start":{"line":31,"column":2},"end":{"line":33,"column":null}},"11":{"start":{"line":32,"column":4},"end":{"line":32,"column":46}},"12":{"start":{"line":37,"column":25},"end":{"line":37,"column":64}},"13":{"start":{"line":38,"column":2},"end":{"line":38,"column":45}},"14":{"start":{"line":38,"column":23},"end":{"line":38,"column":45}},"15":{"start":{"line":40,"column":2},"end":{"line":40,"column":24}},"16":{"start":{"line":44,"column":2},"end":{"line":44,"column":44}},"17":{"start":{"line":48,"column":2},"end":{"line":48,"column":59}},"18":{"start":{"line":52,"column":17},"end":{"line":52,"column":30}},"19":{"start":{"line":53,"column":22},"end":{"line":53,"column":44}},"20":{"start":{"line":55,"column":26},"end":{"line":55,"column":55}},"21":{"start":{"line":56,"column":2},"end":{"line":58,"column":null}},"22":{"start":{"line":57,"column":4},"end":{"line":57,"column":26}},"23":{"start":{"line":60,"column":22},"end":{"line":60,"column":72}},"24":{"start":{"line":61,"column":2},"end":{"line":61,"column":38}},"25":{"start":{"line":65,"column":26},"end":{"line":68,"column":4}},"26":{"start":{"line":70,"column":2},"end":{"line":72,"column":null}},"27":{"start":{"line":71,"column":4},"end":{"line":71,"column":27}},"28":{"start":{"line":74,"column":2},"end":{"line":74,"column":44}},"29":{"start":{"line":78,"column":2},"end":{"line":80,"column":null}},"30":{"start":{"line":79,"column":4},"end":{"line":79,"column":16}},"31":{"start":{"line":82,"column":2},"end":{"line":82,"column":15}},"32":{"start":{"line":85,"column":13},"end":{"line":93,"column":2}}},"fnMap":{"0":{"name":"insert","decl":{"start":{"line":7,"column":15},"end":{"line":7,"column":21}},"loc":{"start":{"line":7,"column":72},"end":{"line":15,"column":null}}},"1":{"name":"upvote","decl":{"start":{"line":17,"column":15},"end":{"line":17,"column":21}},"loc":{"start":{"line":17,"column":32},"end":{"line":21,"column":null}}},"2":{"name":"downvote","decl":{"start":{"line":23,"column":15},"end":{"line":23,"column":23}},"loc":{"start":{"line":23,"column":34},"end":{"line":34,"column":null}}},"3":{"name":"getByIdOrFail","decl":{"start":{"line":36,"column":15},"end":{"line":36,"column":28}},"loc":{"start":{"line":36,"column":39},"end":{"line":41,"column":null}}},"4":{"name":"get","decl":{"start":{"line":43,"column":15},"end":{"line":43,"column":18}},"loc":{"start":{"line":43,"column":18},"end":{"line":45,"column":null}}},"5":{"name":"getTop","decl":{"start":{"line":47,"column":15},"end":{"line":47,"column":21}},"loc":{"start":{"line":47,"column":36},"end":{"line":49,"column":null}}},"6":{"name":"getRandom","decl":{"start":{"line":51,"column":15},"end":{"line":51,"column":24}},"loc":{"start":{"line":51,"column":24},"end":{"line":62,"column":null}}},"7":{"name":"getByScore","decl":{"start":{"line":64,"column":15},"end":{"line":64,"column":25}},"loc":{"start":{"line":64,"column":51},"end":{"line":75,"column":null}}},"8":{"name":"getScoreFilter","decl":{"start":{"line":77,"column":9},"end":{"line":77,"column":23}},"loc":{"start":{"line":77,"column":38},"end":{"line":83,"column":1}}}},"branchMap":{"0":{"loc":{"start":{"line":11,"column":2},"end":{"line":12,"column":64}},"type":"if","locations":[{"start":{"line":11,"column":2},"end":{"line":12,"column":64}}]},"1":{"loc":{"start":{"line":31,"column":2},"end":{"line":33,"column":null}},"type":"if","locations":[{"start":{"line":31,"column":2},"end":{"line":33,"column":null}}]},"2":{"loc":{"start":{"line":38,"column":2},"end":{"line":38,"column":45}},"type":"if","locations":[{"start":{"line":38,"column":2},"end":{"line":38,"column":45}}]},"3":{"loc":{"start":{"line":56,"column":2},"end":{"line":58,"column":null}},"type":"if","locations":[{"start":{"line":56,"column":2},"end":{"line":58,"column":null}}]},"4":{"loc":{"start":{"line":70,"column":2},"end":{"line":72,"column":null}},"type":"if","locations":[{"start":{"line":70,"column":2},"end":{"line":72,"column":null}}]},"5":{"loc":{"start":{"line":78,"column":2},"end":{"line":80,"column":null}},"type":"if","locations":[{"start":{"line":78,"column":2},"end":{"line":80,"column":null}}]}},"s":{"0":2,"1":2,"2":11,"3":11,"4":2,"5":9,"6":5,"7":2,"8":3,"9":2,"10":2,"11":0,"12":10,"13":10,"14":5,"15":5,"16":2,"17":2,"18":2,"19":2,"20":2,"21":2,"22":1,"23":1,"24":1,"25":2,"26":2,"27":1,"28":1,"29":2,"30":1,"31":1,"32":2},"f":{"0":11,"1":5,"2":3,"3":10,"4":2,"5":2,"6":2,"7":2,"8":2},"b":{"0":[2],"1":[0],"2":[5],"3":[1],"4":[1],"5":[1]}}
,"/home/user/Área de Trabalho/driven/sing-me-a-song/back-end/tests/integration/recomendations.ts": {"path":"/home/user/Área de Trabalho/driven/sing-me-a-song/back-end/tests/integration/recomendations.ts","statementMap":{"0":{"start":{"line":1,"column":0},"end":{"line":1,"column":34}},"1":{"start":{"line":2,"column":0},"end":{"line":2,"column":32}},"2":{"start":{"line":3,"column":0},"end":{"line":3,"column":44}},"3":{"start":{"line":4,"column":0},"end":{"line":4,"column":91}},"4":{"start":{"line":5,"column":0},"end":{"line":5,"column":51}},"5":{"start":{"line":6,"column":0},"end":{"line":6,"column":75}},"6":{"start":{"line":9,"column":17},"end":{"line":9,"column":31}},"7":{"start":{"line":11,"column":2},"end":{"line":64,"column":5}},"8":{"start":{"line":12,"column":4},"end":{"line":21,"column":7}},"9":{"start":{"line":12,"column":52},"end":{"line":21,"column":6}},"10":{"start":{"line":13,"column":29},"end":{"line":13,"column":52}},"11":{"start":{"line":15,"column":21},"end":{"line":15,"column":79}},"12":{"start":{"line":16,"column":36},"end":{"line":18,"column":8}},"13":{"start":{"line":19,"column":6},"end":{"line":19,"column":38}},"14":{"start":{"line":20,"column":6},"end":{"line":20,"column":51}},"15":{"start":{"line":22,"column":4},"end":{"line":29,"column":7}},"16":{"start":{"line":22,"column":78},"end":{"line":29,"column":6}},"17":{"start":{"line":23,"column":29},"end":{"line":23,"column":52}},"18":{"start":{"line":25,"column":6},"end":{"line":25,"column":65}},"19":{"start":{"line":26,"column":21},"end":{"line":26,"column":79}},"20":{"start":{"line":28,"column":6},"end":{"line":28,"column":38}},"21":{"start":{"line":30,"column":4},"end":{"line":40,"column":7}},"22":{"start":{"line":30,"column":43},"end":{"line":40,"column":6}},"23":{"start":{"line":31,"column":29},"end":{"line":31,"column":52}},"24":{"start":{"line":33,"column":6},"end":{"line":33,"column":65}},"25":{"start":{"line":34,"column":21},"end":{"line":35,"column":null}},"26":{"start":{"line":38,"column":21},"end":{"line":38,"column":71}},"27":{"start":{"line":39,"column":6},"end":{"line":39,"column":38}},"28":{"start":{"line":41,"column":4},"end":{"line":45,"column":7}},"29":{"start":{"line":41,"column":72},"end":{"line":45,"column":6}},"30":{"start":{"line":42,"column":17},"end":{"line":42,"column":29}},"31":{"start":{"line":43,"column":21},"end":{"line":43,"column":71}},"32":{"start":{"line":44,"column":6},"end":{"line":44,"column":38}},"33":{"start":{"line":46,"column":4},"end":{"line":57,"column":7}},"34":{"start":{"line":46,"column":44},"end":{"line":57,"column":6}},"35":{"start":{"line":47,"column":29},"end":{"line":47,"column":52}},"36":{"start":{"line":49,"column":6},"end":{"line":49,"column":65}},"37":{"start":{"line":51,"column":21},"end":{"line":52,"column":null}},"38":{"start":{"line":55,"column":21},"end":{"line":55,"column":73}},"39":{"start":{"line":56,"column":6},"end":{"line":56,"column":38}},"40":{"start":{"line":58,"column":4},"end":{"line":63,"column":7}},"41":{"start":{"line":58,"column":73},"end":{"line":63,"column":6}},"42":{"start":{"line":59,"column":17},"end":{"line":59,"column":29}},"43":{"start":{"line":61,"column":21},"end":{"line":61,"column":73}},"44":{"start":{"line":62,"column":6},"end":{"line":62,"column":38}},"45":{"start":{"line":8,"column":0},"end":{"line":8,"column":22}}},"fnMap":{"0":{"name":"recommendationTest","decl":{"start":{"line":8,"column":22},"end":{"line":8,"column":40}},"loc":{"start":{"line":8,"column":40},"end":{"line":65,"column":null}}},"1":{"name":"(anonymous_10)","decl":{"start":{"line":11,"column":44},"end":{"line":11,"column":47}},"loc":{"start":{"line":11,"column":49},"end":{"line":64,"column":3}}},"2":{"name":"(anonymous_11)","decl":{"start":{"line":12,"column":41},"end":{"line":12,"column":50}},"loc":{"start":{"line":12,"column":52},"end":{"line":21,"column":6}}},"3":{"name":"(anonymous_12)","decl":{"start":{"line":12,"column":52},"end":{"line":12,"column":null}},"loc":{"start":{"line":12,"column":52},"end":{"line":21,"column":5}}},"4":{"name":"(anonymous_13)","decl":{"start":{"line":22,"column":67},"end":{"line":22,"column":76}},"loc":{"start":{"line":22,"column":78},"end":{"line":29,"column":6}}},"5":{"name":"(anonymous_14)","decl":{"start":{"line":22,"column":78},"end":{"line":22,"column":null}},"loc":{"start":{"line":22,"column":78},"end":{"line":29,"column":5}}},"6":{"name":"(anonymous_15)","decl":{"start":{"line":30,"column":32},"end":{"line":30,"column":41}},"loc":{"start":{"line":30,"column":43},"end":{"line":40,"column":6}}},"7":{"name":"(anonymous_16)","decl":{"start":{"line":30,"column":43},"end":{"line":30,"column":null}},"loc":{"start":{"line":30,"column":43},"end":{"line":40,"column":5}}},"8":{"name":"(anonymous_17)","decl":{"start":{"line":41,"column":61},"end":{"line":41,"column":70}},"loc":{"start":{"line":41,"column":72},"end":{"line":45,"column":6}}},"9":{"name":"(anonymous_18)","decl":{"start":{"line":41,"column":72},"end":{"line":41,"column":null}},"loc":{"start":{"line":41,"column":72},"end":{"line":45,"column":5}}},"10":{"name":"(anonymous_19)","decl":{"start":{"line":46,"column":33},"end":{"line":46,"column":42}},"loc":{"start":{"line":46,"column":44},"end":{"line":57,"column":6}}},"11":{"name":"(anonymous_20)","decl":{"start":{"line":46,"column":44},"end":{"line":46,"column":null}},"loc":{"start":{"line":46,"column":44},"end":{"line":57,"column":5}}},"12":{"name":"(anonymous_21)","decl":{"start":{"line":58,"column":62},"end":{"line":58,"column":71}},"loc":{"start":{"line":58,"column":73},"end":{"line":63,"column":6}}},"13":{"name":"(anonymous_22)","decl":{"start":{"line":58,"column":73},"end":{"line":58,"column":null}},"loc":{"start":{"line":58,"column":73},"end":{"line":63,"column":5}}}},"branchMap":{},"s":{"0":1,"1":1,"2":1,"3":1,"4":1,"5":1,"6":1,"7":1,"8":1,"9":1,"10":1,"11":1,"12":1,"13":1,"14":1,"15":1,"16":1,"17":1,"18":1,"19":1,"20":1,"21":1,"22":1,"23":1,"24":1,"25":1,"26":1,"27":1,"28":1,"29":1,"30":1,"31":1,"32":1,"33":1,"34":1,"35":1,"36":1,"37":1,"38":1,"39":1,"40":1,"41":1,"42":1,"43":1,"44":1,"45":1},"f":{"0":1,"1":1,"2":1,"3":1,"4":1,"5":1,"6":1,"7":1,"8":1,"9":1,"10":1,"11":1,"12":1,"13":1},"b":{}}
}
