TN:
SF:src/app.ts
FNF:0
FNH:0
DA:1,1
DA:2,1
DA:3,1
DA:4,1
DA:5,1
DA:7,1
DA:8,1
DA:9,1
DA:11,1
DA:12,1
DA:14,1
LF:11
LH:11
BRF:0
BRH:0
end_of_record
TN:
SF:src/database.ts
FNF:0
FNH:0
DA:1,2
DA:3,2
DA:4,2
LF:3
LH:3
BRF:0
BRH:0
end_of_record
TN:
SF:src/controllers/recommendationController.ts
FN:6,insert
FN:17,upvote
FN:25,downvote
FN:33,random
FN:39,get
FN:44,getTop
FN:51,getById
FNF:7
FNH:1
FNDA:3,insert
FNDA:0,upvote
FNDA:0,downvote
FNDA:0,random
FNDA:0,get
FNDA:0,getTop
FNDA:0,getById
DA:2,1
DA:3,1
DA:4,1
DA:7,3
DA:8,3
DA:9,0
DA:12,3
DA:14,2
DA:18,0
DA:20,0
DA:22,0
DA:26,0
DA:28,0
DA:30,0
DA:34,0
DA:36,0
DA:40,0
DA:41,0
DA:45,0
DA:47,0
DA:48,0
DA:52,0
DA:54,0
DA:55,0
DA:58,1
LF:25
LH:8
BRDA:8,0,0,0
BRF:1
BRH:0
end_of_record
TN:
SF:src/middlewares/errorHandlerMiddleware.ts
FN:8,errorHandlerMiddleware
FNF:1
FNH:1
FNDA:1,errorHandlerMiddleware
DA:2,1
DA:8,1
DA:14,1
DA:16,1
DA:17,1
DA:20,0
LF:6
LH:5
BRDA:16,0,0,1
BRF:1
BRH:1
end_of_record
TN:
SF:src/routers/recommendationRouter.ts
FNF:0
FNH:0
DA:1,1
DA:2,1
DA:4,1
DA:6,1
DA:7,1
DA:8,1
DA:9,1
DA:10,1
DA:11,1
DA:12,1
DA:14,1
LF:11
LH:11
BRF:0
BRH:0
end_of_record
TN:
SF:src/schemas/recommendationsSchemas.ts
FNF:0
FNH:0
DA:1,1
DA:4,1
DA:6,1
LF:3
LH:3
BRF:0
BRH:0
end_of_record
TN:
SF:src/services/recommendationsService.ts
FN:7,insert
FN:17,upvote
FN:23,downvote
FN:36,getByIdOrFail
FN:43,get
FN:47,getTop
FN:51,getRandom
FN:64,getByScore
FN:77,getScoreFilter
FNF:9
FNH:9
FNDA:9,insert
FNDA:3,upvote
FNDA:1,downvote
FNDA:6,getByIdOrFail
FNDA:2,get
FNDA:2,getTop
FNDA:2,getRandom
FNDA:2,getByScore
FNDA:2,getScoreFilter
DA:2,2
DA:3,2
DA:8,9
DA:11,9
DA:12,2
DA:14,7
DA:18,3
DA:20,1
DA:24,1
DA:26,1
DA:31,1
DA:32,0
DA:37,6
DA:38,6
DA:40,3
DA:44,2
DA:48,2
DA:52,2
DA:53,2
DA:55,2
DA:56,2
DA:57,1
DA:60,1
DA:61,1
DA:65,2
DA:70,2
DA:71,1
DA:74,1
DA:78,2
DA:79,1
DA:82,1
DA:85,2
LF:32
LH:31
BRDA:11,0,0,2
BRDA:31,1,0,0
BRDA:38,2,0,3
BRDA:56,3,0,1
BRDA:70,4,0,1
BRDA:78,5,0,1
BRF:6
BRH:5
end_of_record
TN:
SF:tests/integration/recomendations.ts
FN:6,recommendationTest
FN:9,(anonymous_10)
FN:10,(anonymous_11)
FN:10,(anonymous_12)
FN:20,(anonymous_13)
FN:20,(anonymous_14)
FNF:6
FNH:6
FNDA:1,recommendationTest
FNDA:1,(anonymous_10)
FNDA:1,(anonymous_11)
FNDA:1,(anonymous_12)
FNDA:1,(anonymous_13)
FNDA:1,(anonymous_14)
DA:1,1
DA:2,1
DA:3,1
DA:4,1
DA:6,1
DA:7,1
DA:9,1
DA:10,1
DA:11,1
DA:13,1
DA:14,1
DA:17,1
DA:18,1
DA:20,1
DA:21,1
DA:23,1
DA:24,1
DA:26,1
LF:18
LH:18
BRF:0
BRH:0
end_of_record
