TN:
SF:src/app.ts
FNF:0
FNH:0
DA:1,1
DA:2,1
DA:3,1
DA:4,1
DA:5,1
DA:7,1
DA:8,1
DA:9,1
DA:11,1
DA:12,1
DA:14,1
LF:11
LH:11
BRF:0
BRH:0
end_of_record
TN:
SF:src/database.ts
FNF:0
FNH:0
DA:1,2
DA:3,2
DA:4,2
LF:3
LH:3
BRF:0
BRH:0
end_of_record
TN:
SF:src/controllers/recommendationController.ts
FN:6,insert
FN:17,upvote
FN:25,downvote
FN:33,random
FN:39,get
FN:44,getTop
FN:51,getById
FNF:7
FNH:7
FNDA:25,insert
FNDA:2,upvote
FNDA:2,downvote
FNDA:2,random
FNDA:1,get
FNDA:1,getTop
FNDA:2,getById
DA:2,1
DA:3,1
DA:4,1
DA:7,25
DA:8,25
DA:9,0
DA:12,25
DA:14,6
DA:18,2
DA:20,2
DA:22,1
DA:26,2
DA:28,2
DA:30,1
DA:34,2
DA:36,1
DA:40,1
DA:41,1
DA:45,1
DA:47,1
DA:48,1
DA:52,2
DA:54,2
DA:55,1
DA:58,1
LF:25
LH:24
BRDA:8,0,0,0
BRF:1
BRH:0
end_of_record
TN:
SF:src/middlewares/errorHandlerMiddleware.ts
FN:8,errorHandlerMiddleware
FNF:1
FNH:1
FNDA:23,errorHandlerMiddleware
DA:2,1
DA:8,1
DA:14,23
DA:16,23
DA:17,23
DA:20,0
LF:6
LH:5
BRDA:16,0,0,23
BRF:1
BRH:1
end_of_record
TN:
SF:src/routers/recommendationRouter.ts
FNF:0
FNH:0
DA:1,1
DA:2,1
DA:4,1
DA:6,1
DA:7,1
DA:8,1
DA:9,1
DA:10,1
DA:11,1
DA:12,1
DA:14,1
LF:11
LH:11
BRF:0
BRH:0
end_of_record
TN:
SF:src/schemas/recommendationsSchemas.ts
FNF:0
FNH:0
DA:1,1
DA:4,1
DA:6,1
LF:3
LH:3
BRF:0
BRH:0
end_of_record
TN:
SF:src/services/recommendationsService.ts
FN:7,insert
FN:17,upvote
FN:23,downvote
FN:36,getByIdOrFail
FN:43,get
FN:47,getTop
FN:51,getRandom
FN:64,getByScore
FN:77,getScoreFilter
FNF:9
FNH:9
FNDA:31,insert
FNDA:5,upvote
FNDA:3,downvote
FNDA:12,getByIdOrFail
FNDA:3,get
FNDA:3,getTop
FNDA:6,getRandom
FNDA:6,getByScore
FNDA:6,getScoreFilter
DA:2,2
DA:3,2
DA:8,31
DA:11,31
DA:12,20
DA:14,11
DA:18,5
DA:20,2
DA:24,3
DA:26,2
DA:31,2
DA:32,0
DA:37,12
DA:38,12
DA:40,6
DA:44,3
DA:48,3
DA:52,6
DA:53,6
DA:55,6
DA:56,5
DA:57,2
DA:60,3
DA:61,3
DA:65,6
DA:70,6
DA:71,1
DA:74,5
DA:78,6
DA:79,4
DA:82,2
DA:85,2
LF:32
LH:31
BRDA:11,0,0,20
BRDA:31,1,0,0
BRDA:38,2,0,6
BRDA:56,3,0,2
BRDA:70,4,0,1
BRDA:78,5,0,4
BRF:6
BRH:5
end_of_record
TN:
SF:tests/integration/recomendations.ts
FN:9,recommendationTest
FN:12,(anonymous_10)
FN:13,(anonymous_11)
FN:13,(anonymous_12)
FN:23,(anonymous_13)
FN:23,(anonymous_14)
FN:31,(anonymous_15)
FN:31,(anonymous_16)
FN:42,(anonymous_17)
FN:42,(anonymous_18)
FN:47,(anonymous_19)
FN:47,(anonymous_20)
FN:59,(anonymous_21)
FN:59,(anonymous_22)
FN:67,(anonymous_23)
FN:68,(anonymous_24)
FN:68,(anonymous_25)
FN:74,(anonymous_26)
FN:74,(anonymous_27)
FN:90,(anonymous_28)
FN:90,(anonymous_29)
FN:96,(anonymous_30)
FN:96,(anonymous_31)
FN:109,(anonymous_32)
FN:109,(anonymous_33)
FN:120,(anonymous_34)
FN:120,(anonymous_35)
FNF:27
FNH:27
FNDA:1,recommendationTest
FNDA:1,(anonymous_10)
FNDA:1,(anonymous_11)
FNDA:1,(anonymous_12)
FNDA:1,(anonymous_13)
FNDA:1,(anonymous_14)
FNDA:1,(anonymous_15)
FNDA:1,(anonymous_16)
FNDA:1,(anonymous_17)
FNDA:1,(anonymous_18)
FNDA:1,(anonymous_19)
FNDA:1,(anonymous_20)
FNDA:1,(anonymous_21)
FNDA:1,(anonymous_22)
FNDA:1,(anonymous_23)
FNDA:1,(anonymous_24)
FNDA:1,(anonymous_25)
FNDA:1,(anonymous_26)
FNDA:1,(anonymous_27)
FNDA:1,(anonymous_28)
FNDA:1,(anonymous_29)
FNDA:1,(anonymous_30)
FNDA:1,(anonymous_31)
FNDA:1,(anonymous_32)
FNDA:1,(anonymous_33)
FNDA:1,(anonymous_34)
FNDA:1,(anonymous_35)
DA:1,1
DA:2,1
DA:3,1
DA:4,1
DA:5,1
DA:6,1
DA:7,1
DA:9,1
DA:10,1
DA:12,1
DA:13,1
DA:14,1
DA:16,1
DA:17,1
DA:20,1
DA:21,1
DA:23,1
DA:24,1
DA:26,1
DA:27,1
DA:29,1
DA:31,1
DA:32,1
DA:34,1
DA:35,1
DA:39,1
DA:40,1
DA:42,1
DA:43,1
DA:44,1
DA:45,1
DA:47,1
DA:48,1
DA:50,1
DA:52,1
DA:56,1
DA:57,1
DA:59,1
DA:60,1
DA:62,1
DA:63,1
DA:67,1
DA:68,1
DA:69,1
DA:70,1
DA:71,1
DA:72,1
DA:74,1
DA:75,1
DA:76,1
DA:77,10
DA:80,1
DA:83,1
DA:85,1
DA:86,1
DA:87,1
DA:88,1
DA:90,1
DA:91,1
DA:93,1
DA:94,1
DA:96,1
DA:97,1
DA:98,1
DA:99,10
DA:101,1
DA:102,1
DA:104,1
DA:105,1
DA:106,1
DA:107,1
DA:109,1
DA:110,1
DA:112,1
DA:114,1
DA:118,1
DA:120,1
DA:121,1
DA:122,1
DA:123,1
DA:127,1
DA:128,1
DA:129,1
LF:83
LH:83
BRF:0
BRH:0
end_of_record
